<?xml version="1.0" encoding="UTF-8"?>
<!-- Generated by org.testng.reporters.JUnitReportReporter -->
<testsuite hostname="VSPL-QA-23" failures="0" tests="1" name="Testscripts.LoginTest" time="3.808" errors="0" timestamp="2023-05-01T16:20:14 IST" skipped="0">
  <testcase classname="Testscripts.LoginTest" name="tc1" time="3.808"/>
  <system-out/>
</testsuite> <!-- Testscripts.LoginTest -->
