<?xml version="1.0" encoding="UTF-8"?>
<!-- Generated by org.testng.reporters.JUnitReportReporter -->
<testsuite hostname="VSPL-QA-23" failures="0" tests="2" name="Testscripts.LoginTest" time="11.240" errors="0" timestamp="2023-05-02T15:34:06 IST" skipped="0">
  <testcase classname="Testscripts.LoginTest" name="verifySuccesfulLogin" time="5.037"/>
  <system-out/>
  <testcase classname="Testscripts.LoginTest" name="verifyDisplayPage" time="6.203"/>
  <system-out/>
</testsuite> <!-- Testscripts.LoginTest -->
